INFO  09:24:04 Application started. Press Ctrl+C to shut down.
INFO  09:24:04 Application started. Press Ctrl+C to shut down.
INFO  09:24:04 Hosting environment: Development
INFO  09:24:04 Hosting environment: Development
INFO  09:24:04 Content root path: C:\Users\SAHIL\source\repos\MFRP_Pension_Detail
INFO  09:24:04 Content root path: C:\Users\SAHIL\source\repos\MFRP_Pension_Detail
WARN  09:24:08 Data is read from CSV file
INFO  09:24:08 Pensioner details invoked!
WARN  09:27:32 Data is read from CSV file
INFO  09:27:32 Pensioner details invoked by Aadhar Number!
WARN  09:27:32 Data is read from CSV file
INFO  09:27:32 Pensioner details invoked by Aadhar Number!
WARN  09:27:32 Data is read from CSV file
INFO  09:27:32 Pensioner details invoked by Aadhar Number!
WARN  09:27:32 Data is read from CSV file
INFO  09:27:32 Pensioner details invoked by Aadhar Number!
WARN  09:27:32 Data is read from CSV file
INFO  09:27:32 Pensioner details invoked by Aadhar Number!
WARN  09:27:32 Data is read from CSV file
INFO  09:27:32 Pensioner details invoked by Aadhar Number!
WARN  09:27:32 Data is read from CSV file
INFO  09:27:32 Pensioner details invoked by Aadhar Number!
WARN  09:27:33 Data is read from CSV file
INFO  09:27:33 Pensioner details invoked by Aadhar Number!
WARN  09:30:05 Data is read from CSV file
INFO  09:30:05 Pensioner details invoked by Aadhar Number!
WARN  09:30:05 Data is read from CSV file
INFO  09:30:05 Pensioner details invoked by Aadhar Number!
WARN  09:30:05 Data is read from CSV file
INFO  09:30:05 Pensioner details invoked by Aadhar Number!
WARN  09:30:05 Data is read from CSV file
INFO  09:30:05 Pensioner details invoked by Aadhar Number!
WARN  09:30:05 Data is read from CSV file
INFO  09:30:05 Pensioner details invoked by Aadhar Number!
WARN  09:30:05 Data is read from CSV file
INFO  09:30:05 Pensioner details invoked by Aadhar Number!
WARN  09:30:05 Data is read from CSV file
INFO  09:30:05 Pensioner details invoked by Aadhar Number!
WARN  09:30:05 Data is read from CSV file
INFO  09:30:05 Pensioner details invoked by Aadhar Number!
INFO  10:14:36 Application started. Press Ctrl+C to shut down.
INFO  10:14:36 Application started. Press Ctrl+C to shut down.
INFO  10:14:36 Hosting environment: Development
INFO  10:14:36 Hosting environment: Development
INFO  10:14:36 Content root path: C:\Users\SAHIL\source\repos\MFRP_Pension_Detail
INFO  10:14:36 Content root path: C:\Users\SAHIL\source\repos\MFRP_Pension_Detail
WARN  10:14:36 Data is read from CSV file
INFO  10:14:37 Pensioner details invoked!
WARN  10:14:48 Data is read from CSV file
INFO  10:14:48 Pensioner details invoked by Aadhar Number!
INFO  10:20:31 Application started. Press Ctrl+C to shut down.
INFO  10:20:31 Application started. Press Ctrl+C to shut down.
INFO  10:20:31 Hosting environment: Development
INFO  10:20:31 Hosting environment: Development
INFO  10:20:31 Content root path: C:\Users\SAHIL\source\repos\MFRP_Pension_Detail
INFO  10:20:31 Content root path: C:\Users\SAHIL\source\repos\MFRP_Pension_Detail
WARN  10:20:31 Data is read from CSV file
INFO  10:20:31 Pensioner details invoked!
WARN  10:20:40 Data is read from CSV file
INFO  10:20:40 Pensioner details invoked by Aadhar Number!
INFO  11:27:32 Application started. Press Ctrl+C to shut down.
INFO  11:27:32 Application started. Press Ctrl+C to shut down.
INFO  11:27:32 Hosting environment: Development
INFO  11:27:32 Hosting environment: Development
INFO  11:27:32 Content root path: C:\Users\SAHIL\source\repos\MFRP_Pension_Detail
INFO  11:27:32 Content root path: C:\Users\SAHIL\source\repos\MFRP_Pension_Detail
WARN  11:28:43 Data is read from CSV file
INFO  11:28:43 Pensioner details invoked by Aadhar Number!
WARN  11:28:43 Data is read from CSV file
INFO  11:28:43 Pensioner details invoked by Aadhar Number!
WARN  11:28:43 Data is read from CSV file
INFO  11:28:43 Pensioner details invoked by Aadhar Number!
WARN  11:28:43 Data is read from CSV file
INFO  11:28:43 Pensioner details invoked by Aadhar Number!
WARN  11:28:43 Data is read from CSV file
INFO  11:28:43 Pensioner details invoked by Aadhar Number!
WARN  11:28:43 Data is read from CSV file
INFO  11:28:43 Pensioner details invoked by Aadhar Number!
WARN  11:28:43 Data is read from CSV file
INFO  11:28:43 Pensioner details invoked by Aadhar Number!
WARN  11:28:44 Data is read from CSV file
INFO  11:28:44 Pensioner details invoked by Aadhar Number!
WARN  11:29:01 Data is read from CSV file
INFO  11:29:01 Pensioner details invoked by Aadhar Number!
WARN  11:29:01 Data is read from CSV file
INFO  11:29:01 Pensioner details invoked by Aadhar Number!
WARN  11:29:01 Data is read from CSV file
INFO  11:29:01 Pensioner details invoked by Aadhar Number!
WARN  11:29:01 Data is read from CSV file
INFO  11:29:01 Pensioner details invoked by Aadhar Number!
WARN  11:29:01 Data is read from CSV file
INFO  11:29:01 Pensioner details invoked by Aadhar Number!
WARN  11:29:01 Data is read from CSV file
INFO  11:29:01 Pensioner details invoked by Aadhar Number!
WARN  11:29:01 Data is read from CSV file
INFO  11:29:01 Pensioner details invoked by Aadhar Number!
WARN  11:29:01 Data is read from CSV file
INFO  11:29:01 Pensioner details invoked by Aadhar Number!
WARN  11:29:33 Data is read from CSV file
INFO  11:29:33 Pensioner details invoked by Aadhar Number!
WARN  11:29:33 Data is read from CSV file
INFO  11:29:33 Pensioner details invoked by Aadhar Number!
WARN  11:29:33 Data is read from CSV file
INFO  11:29:33 Pensioner details invoked by Aadhar Number!
WARN  11:29:33 Data is read from CSV file
INFO  11:29:33 Pensioner details invoked by Aadhar Number!
WARN  11:29:33 Data is read from CSV file
INFO  11:29:33 Pensioner details invoked by Aadhar Number!
WARN  11:29:33 Data is read from CSV file
INFO  11:29:33 Pensioner details invoked by Aadhar Number!
WARN  11:29:33 Data is read from CSV file
INFO  11:29:33 Pensioner details invoked by Aadhar Number!
WARN  11:37:27 Data is read from CSV file
INFO  11:37:27 Pensioner details invoked by Aadhar Number!
WARN  11:37:27 Data is read from CSV file
INFO  11:37:27 Pensioner details invoked by Aadhar Number!
WARN  11:37:27 Data is read from CSV file
INFO  11:37:27 Pensioner details invoked by Aadhar Number!
WARN  11:37:27 Data is read from CSV file
INFO  11:37:27 Pensioner details invoked by Aadhar Number!
WARN  11:37:27 Data is read from CSV file
INFO  11:37:27 Pensioner details invoked by Aadhar Number!
WARN  11:37:27 Data is read from CSV file
INFO  11:37:27 Pensioner details invoked by Aadhar Number!
WARN  11:37:27 Data is read from CSV file
INFO  11:37:27 Pensioner details invoked by Aadhar Number!
WARN  11:39:57 Data is read from CSV file
INFO  11:39:57 Pensioner details invoked by Aadhar Number!
WARN  11:39:57 Data is read from CSV file
INFO  11:39:57 Pensioner details invoked by Aadhar Number!
WARN  11:39:57 Data is read from CSV file
INFO  11:39:57 Pensioner details invoked by Aadhar Number!
WARN  11:39:57 Data is read from CSV file
INFO  11:39:57 Pensioner details invoked by Aadhar Number!
WARN  11:39:57 Data is read from CSV file
INFO  11:39:57 Pensioner details invoked by Aadhar Number!
WARN  11:39:57 Data is read from CSV file
INFO  11:39:57 Pensioner details invoked by Aadhar Number!
WARN  11:39:57 Data is read from CSV file
INFO  11:39:57 Pensioner details invoked by Aadhar Number!
INFO  11:42:41 Application started. Press Ctrl+C to shut down.
INFO  11:42:41 Application started. Press Ctrl+C to shut down.
INFO  11:42:41 Hosting environment: Development
INFO  11:42:41 Hosting environment: Development
INFO  11:42:41 Content root path: C:\Users\SAHIL\source\repos\MFRP_Pension_Detail
INFO  11:42:41 Content root path: C:\Users\SAHIL\source\repos\MFRP_Pension_Detail
INFO  11:48:25 Application started. Press Ctrl+C to shut down.
INFO  11:48:25 Application started. Press Ctrl+C to shut down.
INFO  11:48:25 Hosting environment: Development
INFO  11:48:25 Hosting environment: Development
INFO  11:48:25 Content root path: C:\Users\SAHIL\source\repos\MFRP_Pension_Detail
INFO  11:48:25 Content root path: C:\Users\SAHIL\source\repos\MFRP_Pension_Detail
WARN  11:49:34 Data is read from CSV file
INFO  11:49:34 Pensioner details invoked by Aadhar Number!
WARN  11:49:35 Data is read from CSV file
INFO  11:49:35 Pensioner details invoked by Aadhar Number!
WARN  11:49:35 Data is read from CSV file
INFO  11:49:35 Pensioner details invoked by Aadhar Number!
WARN  11:49:35 Data is read from CSV file
INFO  11:49:35 Pensioner details invoked by Aadhar Number!
WARN  11:49:35 Data is read from CSV file
INFO  11:49:35 Pensioner details invoked by Aadhar Number!
WARN  11:49:35 Data is read from CSV file
INFO  11:49:35 Pensioner details invoked by Aadhar Number!
WARN  11:49:35 Data is read from CSV file
INFO  11:49:35 Pensioner details invoked by Aadhar Number!
WARN  11:49:35 Data is read from CSV file
INFO  11:49:35 Pensioner details invoked by Aadhar Number!
WARN  11:50:17 Data is read from CSV file
INFO  11:50:17 Pensioner details invoked by Aadhar Number!
WARN  11:50:17 Data is read from CSV file
INFO  11:50:17 Pensioner details invoked by Aadhar Number!
WARN  11:50:17 Data is read from CSV file
INFO  11:50:17 Pensioner details invoked by Aadhar Number!
WARN  11:50:17 Data is read from CSV file
INFO  11:50:17 Pensioner details invoked by Aadhar Number!
WARN  11:50:17 Data is read from CSV file
INFO  11:50:17 Pensioner details invoked by Aadhar Number!
WARN  11:50:17 Data is read from CSV file
INFO  11:50:17 Pensioner details invoked by Aadhar Number!
WARN  11:50:17 Data is read from CSV file
INFO  11:50:17 Pensioner details invoked by Aadhar Number!
WARN  11:50:17 Data is read from CSV file
INFO  11:50:17 Pensioner details invoked by Aadhar Number!
WARN  11:50:32 Data is read from CSV file
INFO  11:50:32 Pensioner details invoked by Aadhar Number!
WARN  11:50:32 Data is read from CSV file
INFO  11:50:32 Pensioner details invoked by Aadhar Number!
WARN  11:50:32 Data is read from CSV file
INFO  11:50:32 Pensioner details invoked by Aadhar Number!
WARN  11:50:32 Data is read from CSV file
INFO  11:50:32 Pensioner details invoked by Aadhar Number!
WARN  11:50:32 Data is read from CSV file
INFO  11:50:32 Pensioner details invoked by Aadhar Number!
WARN  11:50:32 Data is read from CSV file
INFO  11:50:32 Pensioner details invoked by Aadhar Number!
WARN  11:50:32 Data is read from CSV file
INFO  11:50:32 Pensioner details invoked by Aadhar Number!
WARN  11:50:32 Data is read from CSV file
INFO  11:50:32 Pensioner details invoked by Aadhar Number!
WARN  11:50:46 Data is read from CSV file
INFO  11:50:46 Pensioner details invoked by Aadhar Number!
WARN  11:50:46 Data is read from CSV file
INFO  11:50:46 Pensioner details invoked by Aadhar Number!
WARN  11:50:46 Data is read from CSV file
INFO  11:50:46 Pensioner details invoked by Aadhar Number!
WARN  11:50:46 Data is read from CSV file
INFO  11:50:46 Pensioner details invoked by Aadhar Number!
WARN  11:50:46 Data is read from CSV file
INFO  11:50:46 Pensioner details invoked by Aadhar Number!
WARN  11:50:46 Data is read from CSV file
INFO  11:50:46 Pensioner details invoked by Aadhar Number!
WARN  11:50:46 Data is read from CSV file
INFO  11:50:46 Pensioner details invoked by Aadhar Number!
INFO  12:01:52 Application started. Press Ctrl+C to shut down.
INFO  12:01:52 Application started. Press Ctrl+C to shut down.
INFO  12:01:52 Hosting environment: Development
INFO  12:01:52 Hosting environment: Development
INFO  12:01:52 Content root path: C:\Users\SAHIL\source\repos\MFRP_Pension_Detail
INFO  12:01:52 Content root path: C:\Users\SAHIL\source\repos\MFRP_Pension_Detail
WARN  12:07:10 Data is read from CSV file
INFO  12:07:10 Pensioner details invoked by Aadhar Number!
WARN  12:07:10 Data is read from CSV file
INFO  12:07:10 Pensioner details invoked by Aadhar Number!
WARN  12:07:10 Data is read from CSV file
INFO  12:07:10 Pensioner details invoked by Aadhar Number!
WARN  12:07:10 Data is read from CSV file
INFO  12:07:10 Pensioner details invoked by Aadhar Number!
WARN  12:07:10 Data is read from CSV file
INFO  12:07:10 Pensioner details invoked by Aadhar Number!
WARN  12:07:10 Data is read from CSV file
INFO  12:07:10 Pensioner details invoked by Aadhar Number!
WARN  12:07:10 Data is read from CSV file
INFO  12:07:10 Pensioner details invoked by Aadhar Number!
WARN  12:07:11 Data is read from CSV file
INFO  12:07:11 Pensioner details invoked by Aadhar Number!
WARN  12:08:02 Data is read from CSV file
INFO  12:08:02 Pensioner details invoked by Aadhar Number!
WARN  12:08:02 Data is read from CSV file
INFO  12:08:02 Pensioner details invoked by Aadhar Number!
WARN  12:08:02 Data is read from CSV file
INFO  12:08:02 Pensioner details invoked by Aadhar Number!
WARN  12:08:02 Data is read from CSV file
INFO  12:08:02 Pensioner details invoked by Aadhar Number!
WARN  12:08:02 Data is read from CSV file
INFO  12:08:02 Pensioner details invoked by Aadhar Number!
WARN  12:08:02 Data is read from CSV file
INFO  12:08:02 Pensioner details invoked by Aadhar Number!
WARN  12:08:02 Data is read from CSV file
INFO  12:08:02 Pensioner details invoked by Aadhar Number!
WARN  12:08:02 Data is read from CSV file
INFO  12:08:02 Pensioner details invoked by Aadhar Number!
WARN  12:08:35 Data is read from CSV file
INFO  12:08:35 Pensioner details invoked by Aadhar Number!
WARN  12:08:35 Data is read from CSV file
INFO  12:08:35 Pensioner details invoked by Aadhar Number!
WARN  12:08:35 Data is read from CSV file
INFO  12:08:35 Pensioner details invoked by Aadhar Number!
WARN  12:08:35 Data is read from CSV file
INFO  12:08:35 Pensioner details invoked by Aadhar Number!
WARN  12:08:35 Data is read from CSV file
INFO  12:08:35 Pensioner details invoked by Aadhar Number!
WARN  12:08:35 Data is read from CSV file
INFO  12:08:35 Pensioner details invoked by Aadhar Number!
WARN  12:08:35 Data is read from CSV file
INFO  12:08:35 Pensioner details invoked by Aadhar Number!
